{
  "RSpec": {
    "coverage": {
      "E:/Escola/Mestrado/Qualidade de software/Clone Lab4/Lab4-QS/spec/controllers/articles_controller_spec.rb": {
        "lines": [
          1,
          null,
          1,
          null,
          1,
          1,
          1,
          1,
          1,
          null,
          null,
          null,
          1,
          1,
          1,
          1,
          1,
          null,
          null,
          null,
          null,
          1,
          1,
          1,
          1,
          1,
          1,
          null,
          null,
          1,
          1,
          1,
          1,
          1,
          1,
          1,
          1,
          null,
          null,
          null,
          null
        ]
      },
      "E:/Escola/Mestrado/Qualidade de software/Clone Lab4/Lab4-QS/spec/rails_helper.rb": {
        "lines": [
          1,
          null,
          null,
          1,
          null,
          null,
          1,
          null,
          1,
          null,
          3,
          1,
          null,
          1,
          1,
          1,
          1,
          1,
          null,
          null,
          1
        ]
      },
      "E:/Escola/Mestrado/Qualidade de software/Clone Lab4/Lab4-QS/config/environment.rb": {
        "lines": [
          null,
          1,
          null,
          null,
          1
        ]
      },
      "E:/Escola/Mestrado/Qualidade de software/Clone Lab4/Lab4-QS/config/application.rb": {
        "lines": [
          1,
          null,
          1,
          null,
          null,
          null,
          1,
          null,
          1,
          1,
          null,
          1,
          1,
          null,
          null,
          null,
          null,
          null,
          null,
          null,
          null,
          null,
          null
        ]
      },
      "E:/Escola/Mestrado/Qualidade de software/Clone Lab4/Lab4-QS/config/boot.rb": {
        "lines": [
          1,
          null,
          1,
          1
        ]
      },
      "E:/Escola/Mestrado/Qualidade de software/Clone Lab4/Lab4-QS/config/environments/test.rb": {
        "lines": [
          1,
          null,
          null,
          null,
          null,
          null,
          null,
          1,
          null,
          null,
          1,
          null,
          null,
          null,
          null,
          1,
          null,
          null,
          1,
          1,
          null,
          null,
          null,
          null,
          1,
          1,
          1,
          null,
          null,
          1,
          null,
          null,
          1,
          null,
          null,
          1,
          null,
          1,
          null,
          null,
          null,
          null,
          1,
          null,
          null,
          1,
          null,
          null,
          1,
          null,
          null,
          1,
          null,
          null,
          null,
          null,
          null,
          null,
          null
        ]
      },
      "E:/Escola/Mestrado/Qualidade de software/Clone Lab4/Lab4-QS/config/initializers/application_controller_renderer.rb": {
        "lines": [
          null,
          null,
          null,
          null,
          null,
          null,
          null,
          null
        ]
      },
      "E:/Escola/Mestrado/Qualidade de software/Clone Lab4/Lab4-QS/config/initializers/assets.rb": {
        "lines": [
          null,
          null,
          null,
          1,
          null,
          null,
          null,
          null,
          1,
          null,
          null,
          null,
          null,
          null
        ]
      },
      "E:/Escola/Mestrado/Qualidade de software/Clone Lab4/Lab4-QS/config/initializers/backtrace_silencers.rb": {
        "lines": [
          null,
          null,
          null,
          null,
          null,
          null,
          null,
          1
        ]
      },
      "E:/Escola/Mestrado/Qualidade de software/Clone Lab4/Lab4-QS/config/initializers/content_security_policy.rb": {
        "lines": [
          null,
          null,
          null,
          null,
          null,
          null,
          null,
          null,
          null,
          null,
          null,
          null,
          null,
          null,
          null,
          null,
          null,
          null,
          null,
          null,
          null,
          null,
          null,
          null,
          null,
          null,
          null,
          null,
          null,
          null
        ]
      },
      "E:/Escola/Mestrado/Qualidade de software/Clone Lab4/Lab4-QS/config/initializers/cookies_serializer.rb": {
        "lines": [
          null,
          null,
          null,
          null,
          1
        ]
      },
      "E:/Escola/Mestrado/Qualidade de software/Clone Lab4/Lab4-QS/config/initializers/filter_parameter_logging.rb": {
        "lines": [
          null,
          null,
          null,
          1,
          null,
          null
        ]
      },
      "E:/Escola/Mestrado/Qualidade de software/Clone Lab4/Lab4-QS/config/initializers/inflections.rb": {
        "lines": [
          null,
          null,
          null,
          null,
          null,
          null,
          null,
          null,
          null,
          null,
          null,
          null,
          null,
          null,
          null,
          null
        ]
      },
      "E:/Escola/Mestrado/Qualidade de software/Clone Lab4/Lab4-QS/config/initializers/mime_types.rb": {
        "lines": [
          null,
          null,
          null,
          null
        ]
      },
      "E:/Escola/Mestrado/Qualidade de software/Clone Lab4/Lab4-QS/config/initializers/permissions_policy.rb": {
        "lines": [
          null,
          null,
          null,
          null,
          null,
          null,
          null,
          null,
          null,
          null,
          null
        ]
      },
      "E:/Escola/Mestrado/Qualidade de software/Clone Lab4/Lab4-QS/config/initializers/sidekiq.rb": {
        "lines": [
          1,
          1,
          0,
          null
        ]
      },
      "E:/Escola/Mestrado/Qualidade de software/Clone Lab4/Lab4-QS/config/initializers/wrap_parameters.rb": {
        "lines": [
          null,
          null,
          null,
          null,
          null,
          null,
          1,
          2,
          null,
          null,
          null,
          null,
          null,
          null
        ]
      },
      "E:/Escola/Mestrado/Qualidade de software/Clone Lab4/Lab4-QS/spec/factories.rb": {
        "lines": [
          1,
          1,
          11,
          12,
          12,
          null,
          1,
          2,
          2,
          2,
          null,
          null
        ]
      },
      "E:/Escola/Mestrado/Qualidade de software/Clone Lab4/Lab4-QS/config/routes.rb": {
        "lines": [
          1,
          1,
          1,
          null,
          1,
          1,
          null,
          1,
          1,
          null,
          null
        ]
      },
      "E:/Escola/Mestrado/Qualidade de software/Clone Lab4/Lab4-QS/app/helpers/articles_helper.rb": {
        "lines": [
          1,
          null
        ]
      },
      "E:/Escola/Mestrado/Qualidade de software/Clone Lab4/Lab4-QS/app/helpers/articles_controller_spec_helper.rb": {
        "lines": [
          1,
          null
        ]
      },
      "E:/Escola/Mestrado/Qualidade de software/Clone Lab4/Lab4-QS/app/helpers/comments_helper.rb": {
        "lines": [
          1,
          null
        ]
      },
      "E:/Escola/Mestrado/Qualidade de software/Clone Lab4/Lab4-QS/spec/support/database_cleaner.rb": {
        "lines": [
          1,
          null,
          1,
          1,
          null,
          null,
          1,
          14,
          null,
          null,
          1,
          0,
          null,
          null,
          1,
          14,
          null,
          null,
          1,
          14,
          null,
          null,
          null
        ]
      },
      "E:/Escola/Mestrado/Qualidade de software/Clone Lab4/Lab4-QS/spec/support/factory_bot.rb": {
        "lines": [
          1,
          1,
          null
        ]
      },
      "E:/Escola/Mestrado/Qualidade de software/Clone Lab4/Lab4-QS/app/controllers/articles_controller.rb": {
        "lines": [
          1,
          1,
          2,
          null,
          null,
          1,
          3,
          null,
          null,
          1,
          3,
          null,
          null,
          1,
          2,
          null,
          2,
          1,
          null,
          1,
          null,
          null,
          null,
          1,
          1,
          null,
          null,
          1,
          1,
          null,
          1,
          1,
          null,
          0,
          null,
          null,
          null,
          1,
          1,
          1,
          1,
          null,
          null,
          1,
          1,
          3,
          null,
          null
        ]
      },
      "E:/Escola/Mestrado/Qualidade de software/Clone Lab4/Lab4-QS/app/controllers/application_controller.rb": {
        "lines": [
          1,
          null
        ]
      },
      "E:/Escola/Mestrado/Qualidade de software/Clone Lab4/Lab4-QS/spec/features/articles_index.html.erb_spec.rb": {
        "lines": [
          1,
          null,
          1,
          1,
          1,
          1,
          1,
          null,
          null,
          1,
          1,
          1,
          1,
          1,
          1,
          1,
          1,
          1,
          null,
          null,
          1,
          1,
          1,
          1,
          1,
          1,
          1,
          null,
          null,
          null,
          1,
          1,
          1,
          1,
          1,
          1,
          1,
          null,
          null,
          null,
          1,
          1,
          1,
          1,
          1,
          1,
          null,
          null,
          null
        ]
      },
      "E:/Escola/Mestrado/Qualidade de software/Clone Lab4/Lab4-QS/spec/models/article_model_spec.rb": {
        "lines": [
          1,
          null,
          1,
          1,
          1,
          null,
          null,
          1,
          1,
          1,
          null,
          null,
          1,
          1,
          1,
          null,
          null,
          null
        ]
      },
      "E:/Escola/Mestrado/Qualidade de software/Clone Lab4/Lab4-QS/app/models/article.rb": {
        "lines": [
          1,
          1,
          null,
          1,
          null,
          1,
          1,
          null
        ]
      },
      "E:/Escola/Mestrado/Qualidade de software/Clone Lab4/Lab4-QS/app/models/application_record.rb": {
        "lines": [
          1,
          1,
          null
        ]
      },
      "E:/Escola/Mestrado/Qualidade de software/Clone Lab4/Lab4-QS/app/models/concerns/visible.rb": {
        "lines": [
          1,
          1,
          null,
          1,
          null,
          1,
          2,
          null,
          null,
          1,
          1,
          3,
          null,
          null,
          null,
          1,
          0,
          null,
          null
        ]
      },
      "E:/Escola/Mestrado/Qualidade de software/Clone Lab4/Lab4-QS/spec/views/articles_index.html.erb_spec.rb": {
        "lines": [
          1,
          null,
          1,
          1,
          6,
          1,
          null,
          null,
          1,
          1,
          1,
          1,
          1,
          5,
          null,
          1,
          1,
          null,
          null,
          null
        ]
      },
      "E:/Escola/Mestrado/Qualidade de software/Clone Lab4/Lab4-QS/spec/workers/create_articles_worker_spec.rb": {
        "lines": [
          1,
          1,
          null,
          1,
          1,
          1,
          1,
          1,
          null,
          1,
          1,
          null,
          1,
          1,
          null,
          null,
          null
        ]
      },
      "E:/Escola/Mestrado/Qualidade de software/Clone Lab4/Lab4-QS/app/workers/create_articles_worker.rb": {
        "lines": [
          1,
          1,
          1,
          null,
          1,
          1,
          1,
          null,
          null
        ]
      },
      "E:/Escola/Mestrado/Qualidade de software/Clone Lab4/Lab4-QS/app/models/comment.rb": {
        "lines": [
          1,
          1,
          1,
          null,
          1,
          1,
          null
        ]
      }
    },
    "timestamp": 1639176995
  }
}
